<?xml version="1.0" encoding="UTF-8"?>
<!-- Generated by org.testng.reporters.JUnitXMLReporter -->
<testsuite hostname="AA-PC" ignored="7" name="test1" tests="7" failures="0" timestamp="2019-12-14T10:57:12 IST" time="0.086" errors="0">
  <testcase name="tc002" time="0.014" classname="testng_Framework.TestSuite.Class1"/>
  <testcase name="tc005" time="0.001" classname="testng_Framework.TestSuite.Class2"/>
  <testcase name="tc006" time="0.001" classname="testng_Framework.TestSuite.Class2"/>
  <testcase name="Browser_launch" time="0.003" classname="testng_Framework.Testng_Method_Dependencies"/>
  <testcase name="App_Load" time="0.001" classname="testng_Framework.Testng_Method_Dependencies"/>
  <testcase name="User_login" time="0.001" classname="testng_Framework.Testng_Method_Dependencies"/>
  <testcase name="User_Signout" time="0.004" classname="testng_Framework.Testng_Method_Dependencies"/>
  <testcase name="tc003" time="0.0" classname="testng_Framework.TestSuite.Class1">
    <ignored/>
  </testcase> <!-- tc003 -->
  <testcase name="tc004" time="0.0" classname="testng_Framework.TestSuite.Class2">
    <ignored/>
  </testcase> <!-- tc004 -->
  <testcase name="Verify_Email_At_inbox" time="0.0" classname="testng_Framework.Testng_Method_Dependencies">
    <ignored/>
  </testcase> <!-- Verify_Email_At_inbox -->
  <testcase name="Verify_Email_At_Sentemails" time="0.0" classname="testng_Framework.Testng_Method_Dependencies">
    <ignored/>
  </testcase> <!-- Verify_Email_At_Sentemails -->
  <testcase name="ComposeEmail" time="0.0" classname="testng_Framework.Testng_Method_Dependencies">
    <ignored/>
  </testcase> <!-- ComposeEmail -->
  <testcase name="tc001" time="0.0" classname="testng_Framework.TestSuite.Class1">
    <ignored/>
  </testcase> <!-- tc001 -->
  <testcase name="Search_email" time="0.0" classname="testng_Framework.Testng_Method_Dependencies">
    <ignored/>
  </testcase> <!-- Search_email -->
</testsuite> <!-- test1 -->
