<?xml version="1.0" encoding="UTF-8"?>
<!-- Generated by org.testng.reporters.JUnitXMLReporter -->
<testsuite hostname="AA-PC" ignored="0" name="firefox" tests="7" failures="0" timestamp="2019-12-14T12:31:04 IST" time="0.031" errors="0">
  <testcase name="tc001" time="0.0" classname="testng_Framework.BeforeTest_and_AfterTest.TestSuite1"/>
  <testcase name="tc002" time="0.0" classname="testng_Framework.BeforeTest_and_AfterTest.TestSuite1"/>
  <testcase name="tc003" time="0.0" classname="testng_Framework.BeforeTest_and_AfterTest.TestSuite1"/>
  <testcase name="tc004" time="0.0" classname="testng_Framework.BeforeTest_and_AfterTest.TestSuite2"/>
  <testcase name="tc005" time="0.0" classname="testng_Framework.BeforeTest_and_AfterTest.TestSuite2"/>
  <testcase name="tc006" time="0.016" classname="testng_Framework.BeforeTest_and_AfterTest.TestSuite2"/>
  <testcase name="login" time="0.0" classname="testng_Framework.BeforeTest_and_AfterTest.Test_For_Firefox"/>
</testsuite> <!-- firefox -->
