<?xml version="1.0" encoding="UTF-8"?>
<!-- Generated by org.testng.reporters.JUnitXMLReporter -->
<testsuite hostname="AA-PC" ignored="4" name="Default test" tests="4" failures="0" timestamp="2019-12-13T10:54:04 IST" time="0.062" errors="0">
  <testcase name="Browser_launch" time="0.016" classname="testng_Framework.Testng_Method_Dependencies"/>
  <testcase name="App_Load" time="0.0" classname="testng_Framework.Testng_Method_Dependencies"/>
  <testcase name="User_login" time="0.0" classname="testng_Framework.Testng_Method_Dependencies"/>
  <testcase name="User_Signout" time="0.0" classname="testng_Framework.Testng_Method_Dependencies"/>
  <testcase name="Verify_Email_At_inbox" time="0.0" classname="testng_Framework.Testng_Method_Dependencies">
    <ignored/>
  </testcase> <!-- Verify_Email_At_inbox -->
  <testcase name="Verify_Email_At_Sentemails" time="0.0" classname="testng_Framework.Testng_Method_Dependencies">
    <ignored/>
  </testcase> <!-- Verify_Email_At_Sentemails -->
  <testcase name="ComposeEmail" time="0.0" classname="testng_Framework.Testng_Method_Dependencies">
    <ignored/>
  </testcase> <!-- ComposeEmail -->
  <testcase name="Search_email" time="0.0" classname="testng_Framework.Testng_Method_Dependencies">
    <ignored/>
  </testcase> <!-- Search_email -->
</testsuite> <!-- Default test -->
