<?xml version="1.0" encoding="UTF-8"?>
<!-- Generated by org.testng.reporters.JUnitXMLReporter -->
<testsuite hostname="AA-PC" ignored="0" name="Default test" tests="3" failures="0" timestamp="2019-12-14T10:46:14 IST" time="0.078" errors="0">
  <testcase name="tc007" time="0.02" classname="testng_Framework.TestSuite.Class3"/>
  <testcase name="tc008" time="0.001" classname="testng_Framework.TestSuite.Class3"/>
  <testcase name="tc009" time="0.001" classname="testng_Framework.TestSuite.Class3"/>
</testsuite> <!-- Default test -->
