<?xml version="1.0" encoding="UTF-8"?>
<testng-results skipped="0" failed="0" ignored="0" total="1" passed="1">
  <reporter-output>
  </reporter-output>
  <suite name="Default suite" duration-ms="63" started-at="2019-12-12T10:00:51 IST" finished-at="2019-12-12T10:00:51 IST">
    <groups>
    </groups>
    <test name="Default test" duration-ms="63" started-at="2019-12-12T10:00:51 IST" finished-at="2019-12-12T10:00:51 IST">
      <class name="testng_Framework.My_Testng_Test">
        <test-method status="PASS" signature="tc001()[pri:0, instance:testng_Framework.My_Testng_Test@35d176f7]" name="tc001" duration-ms="11" started-at="2019-12-12T10:00:51 IST" finished-at="2019-12-12T10:00:51 IST">
          <reporter-output>
          </reporter-output>
        </test-method> <!-- tc001 -->
      </class> <!-- testng_Framework.My_Testng_Test -->
    </test> <!-- Default test -->
  </suite> <!-- Default suite -->
</testng-results>
