<?xml version="1.0" encoding="UTF-8"?>
<testng-results skipped="0" failed="0" ignored="0" total="14" passed="14">
  <reporter-output>
    <line>
      <![CDATA[tc004  Executed]]>
    </line>
    <line>
      <![CDATA[tc005  Executed]]>
    </line>
    <line>
      <![CDATA[Tc006 executed]]>
    </line>
    <line>
      <![CDATA[tc004  Executed]]>
    </line>
    <line>
      <![CDATA[tc005  Executed]]>
    </line>
    <line>
      <![CDATA[Tc006 executed]]>
    </line>
  </reporter-output>
  <suite name="Crossbrowser" duration-ms="220" started-at="2019-12-14T12:31:04 IST" finished-at="2019-12-14T12:31:04 IST">
    <groups>
    </groups>
    <test name="chrome" duration-ms="126" started-at="2019-12-14T12:31:04 IST" finished-at="2019-12-14T12:31:04 IST">
      <class name="testng_Framework.BeforeTest_and_AfterTest.TestSuite2">
        <test-method status="PASS" signature="tc005()[pri:0, instance:testng_Framework.BeforeTest_and_AfterTest.TestSuite2@3224f60b]" name="tc005" duration-ms="0" started-at="2019-12-14T12:31:04 IST" finished-at="2019-12-14T12:31:04 IST">
          <reporter-output>
            <line>
              <![CDATA[tc005  Executed]]>
            </line>
          </reporter-output>
        </test-method> <!-- tc005 -->
        <test-method status="PASS" signature="tc006()[pri:0, instance:testng_Framework.BeforeTest_and_AfterTest.TestSuite2@3224f60b]" name="tc006" duration-ms="62" started-at="2019-12-14T12:31:04 IST" finished-at="2019-12-14T12:31:04 IST">
          <reporter-output>
            <line>
              <![CDATA[Tc006 executed]]>
            </line>
          </reporter-output>
        </test-method> <!-- tc006 -->
        <test-method status="PASS" signature="tc004()[pri:0, instance:testng_Framework.BeforeTest_and_AfterTest.TestSuite2@3224f60b]" name="tc004" duration-ms="0" started-at="2019-12-14T12:31:04 IST" finished-at="2019-12-14T12:31:04 IST">
          <reporter-output>
            <line>
              <![CDATA[tc004  Executed]]>
            </line>
          </reporter-output>
        </test-method> <!-- tc004 -->
      </class> <!-- testng_Framework.BeforeTest_and_AfterTest.TestSuite2 -->
      <class name="testng_Framework.BeforeTest_and_AfterTest.TestSuite1">
        <test-method status="PASS" signature="tc001()[pri:0, instance:testng_Framework.BeforeTest_and_AfterTest.TestSuite1@3b084709]" name="tc001" duration-ms="0" started-at="2019-12-14T12:31:04 IST" finished-at="2019-12-14T12:31:04 IST">
          <reporter-output>
          </reporter-output>
        </test-method> <!-- tc001 -->
        <test-method status="PASS" signature="tc002()[pri:0, instance:testng_Framework.BeforeTest_and_AfterTest.TestSuite1@3b084709]" name="tc002" duration-ms="0" started-at="2019-12-14T12:31:04 IST" finished-at="2019-12-14T12:31:04 IST">
          <reporter-output>
          </reporter-output>
        </test-method> <!-- tc002 -->
        <test-method status="PASS" signature="tc003()[pri:0, instance:testng_Framework.BeforeTest_and_AfterTest.TestSuite1@3b084709]" name="tc003" duration-ms="0" started-at="2019-12-14T12:31:04 IST" finished-at="2019-12-14T12:31:04 IST">
          <reporter-output>
          </reporter-output>
        </test-method> <!-- tc003 -->
      </class> <!-- testng_Framework.BeforeTest_and_AfterTest.TestSuite1 -->
      <class name="testng_Framework.BeforeTest_and_AfterTest.Test_for_Chrome">
        <test-method status="PASS" signature="beforeTest()[pri:0, instance:testng_Framework.BeforeTest_and_AfterTest.Test_for_Chrome@57855c9a]" name="beforeTest" is-config="true" duration-ms="0" started-at="2019-12-14T12:31:04 IST" finished-at="2019-12-14T12:31:04 IST">
          <reporter-output>
          </reporter-output>
        </test-method> <!-- beforeTest -->
        <test-method status="PASS" signature="login()[pri:0, instance:testng_Framework.BeforeTest_and_AfterTest.Test_for_Chrome@57855c9a]" name="login" duration-ms="0" started-at="2019-12-14T12:31:04 IST" finished-at="2019-12-14T12:31:04 IST">
          <reporter-output>
          </reporter-output>
        </test-method> <!-- login -->
        <test-method status="PASS" signature="afterTest()[pri:0, instance:testng_Framework.BeforeTest_and_AfterTest.Test_for_Chrome@57855c9a]" name="afterTest" is-config="true" duration-ms="0" started-at="2019-12-14T12:31:04 IST" finished-at="2019-12-14T12:31:04 IST">
          <reporter-output>
          </reporter-output>
        </test-method> <!-- afterTest -->
      </class> <!-- testng_Framework.BeforeTest_and_AfterTest.Test_for_Chrome -->
    </test> <!-- chrome -->
    <test name="firefox" duration-ms="31" started-at="2019-12-14T12:31:04 IST" finished-at="2019-12-14T12:31:04 IST">
      <class name="testng_Framework.BeforeTest_and_AfterTest.TestSuite2">
        <test-method status="PASS" signature="tc006()[pri:0, instance:testng_Framework.BeforeTest_and_AfterTest.TestSuite2@1d29cf23]" name="tc006" duration-ms="16" started-at="2019-12-14T12:31:04 IST" finished-at="2019-12-14T12:31:04 IST">
          <reporter-output>
            <line>
              <![CDATA[Tc006 executed]]>
            </line>
          </reporter-output>
        </test-method> <!-- tc006 -->
        <test-method status="PASS" signature="tc004()[pri:0, instance:testng_Framework.BeforeTest_and_AfterTest.TestSuite2@1d29cf23]" name="tc004" duration-ms="0" started-at="2019-12-14T12:31:04 IST" finished-at="2019-12-14T12:31:04 IST">
          <reporter-output>
            <line>
              <![CDATA[tc004  Executed]]>
            </line>
          </reporter-output>
        </test-method> <!-- tc004 -->
        <test-method status="PASS" signature="tc005()[pri:0, instance:testng_Framework.BeforeTest_and_AfterTest.TestSuite2@1d29cf23]" name="tc005" duration-ms="0" started-at="2019-12-14T12:31:04 IST" finished-at="2019-12-14T12:31:04 IST">
          <reporter-output>
            <line>
              <![CDATA[tc005  Executed]]>
            </line>
          </reporter-output>
        </test-method> <!-- tc005 -->
      </class> <!-- testng_Framework.BeforeTest_and_AfterTest.TestSuite2 -->
      <class name="testng_Framework.BeforeTest_and_AfterTest.TestSuite1">
        <test-method status="PASS" signature="tc002()[pri:0, instance:testng_Framework.BeforeTest_and_AfterTest.TestSuite1@27a5f880]" name="tc002" duration-ms="0" started-at="2019-12-14T12:31:04 IST" finished-at="2019-12-14T12:31:04 IST">
          <reporter-output>
          </reporter-output>
        </test-method> <!-- tc002 -->
        <test-method status="PASS" signature="tc001()[pri:0, instance:testng_Framework.BeforeTest_and_AfterTest.TestSuite1@27a5f880]" name="tc001" duration-ms="0" started-at="2019-12-14T12:31:04 IST" finished-at="2019-12-14T12:31:04 IST">
          <reporter-output>
          </reporter-output>
        </test-method> <!-- tc001 -->
        <test-method status="PASS" signature="tc003()[pri:0, instance:testng_Framework.BeforeTest_and_AfterTest.TestSuite1@27a5f880]" name="tc003" duration-ms="0" started-at="2019-12-14T12:31:04 IST" finished-at="2019-12-14T12:31:04 IST">
          <reporter-output>
          </reporter-output>
        </test-method> <!-- tc003 -->
      </class> <!-- testng_Framework.BeforeTest_and_AfterTest.TestSuite1 -->
      <class name="testng_Framework.BeforeTest_and_AfterTest.Test_For_Firefox">
        <test-method status="PASS" signature="Setup_browser()[pri:0, instance:testng_Framework.BeforeTest_and_AfterTest.Test_For_Firefox@394e1a0f]" name="Setup_browser" is-config="true" duration-ms="15" started-at="2019-12-14T12:31:03 IST" finished-at="2019-12-14T12:31:04 IST">
          <reporter-output>
          </reporter-output>
        </test-method> <!-- Setup_browser -->
        <test-method status="PASS" signature="login()[pri:0, instance:testng_Framework.BeforeTest_and_AfterTest.Test_For_Firefox@394e1a0f]" name="login" duration-ms="0" started-at="2019-12-14T12:31:04 IST" finished-at="2019-12-14T12:31:04 IST">
          <reporter-output>
          </reporter-output>
        </test-method> <!-- login -->
        <test-method status="PASS" signature="afterTest()[pri:0, instance:testng_Framework.BeforeTest_and_AfterTest.Test_For_Firefox@394e1a0f]" name="afterTest" is-config="true" duration-ms="0" started-at="2019-12-14T12:31:04 IST" finished-at="2019-12-14T12:31:04 IST">
          <reporter-output>
          </reporter-output>
        </test-method> <!-- afterTest -->
      </class> <!-- testng_Framework.BeforeTest_and_AfterTest.Test_For_Firefox -->
    </test> <!-- firefox -->
  </suite> <!-- Crossbrowser -->
</testng-results>
