<?xml version="1.0" encoding="UTF-8"?>
<!-- Generated by org.testng.reporters.JUnitXMLReporter -->
<testsuite hostname="AA-PC" ignored="4" name="defult" tests="5" failures="0" timestamp="2019-12-14T11:14:32 IST" time="0.078" errors="0">
  <testcase name="tc001" time="0.016" classname="testng_Framework.Groups.TestSuite1"/>
  <testcase name="tc002" time="0.016" classname="testng_Framework.Groups.TestSuite1"/>
  <testcase name="tc005" time="0.0" classname="testng_Framework.Groups.TestSuite2"/>
  <testcase name="tc006" time="0.0" classname="testng_Framework.Groups.TestSuite2"/>
  <testcase name="tc007" time="0.015" classname="testng_Framework.Groups.TestSuite3"/>
  <testcase name="tc004" time="0.0" classname="testng_Framework.Groups.TestSuite2">
    <ignored/>
  </testcase> <!-- tc004 -->
  <testcase name="tc009" time="0.0" classname="testng_Framework.Groups.TestSuite3">
    <ignored/>
  </testcase> <!-- tc009 -->
  <testcase name="tc008" time="0.0" classname="testng_Framework.Groups.TestSuite3">
    <ignored/>
  </testcase> <!-- tc008 -->
  <testcase name="tc003" time="0.0" classname="testng_Framework.Groups.TestSuite1">
    <ignored/>
  </testcase> <!-- tc003 -->
</testsuite> <!-- defult -->
