<?xml version="1.0" encoding="UTF-8"?>
<!-- Generated by org.testng.reporters.JUnitXMLReporter -->
<testsuite hostname="AA-PC" ignored="1" name="test1" tests="5" failures="1" timestamp="2019-12-16T10:48:42 IST" time="0.095" errors="0">
  <testcase name="tc001" time="0.015" classname="testng_Framework.Test_listners.MyTest"/>
  <testcase name="tc002" time="0.0" classname="testng_Framework.Test_listners.MyTest">
    <failure type="java.lang.AssertionError" message="expected [google] but found [gmail]">
      <![CDATA[java.lang.AssertionError: expected [google] but found [gmail]
at testng_Framework.Test_listners.MyTest.tc002(MyTest.java:18)
at java.util.ArrayList.forEach(Unknown Source)
... Removed 32 stack frames]]>
    </failure>
  </testcase> <!-- tc002 -->
  <testcase name="tc003" time="0.0" classname="testng_Framework.Test_listners.MyTest">
    <skipped/>
  </testcase> <!-- tc003 -->
  <testcase name="tc004" time="0.0" classname="testng_Framework.Test_listners.MyTest"/>
  <testcase name="tc005" time="0.0" classname="testng_Framework.Test_listners.MyTest">
    <skipped/>
  </testcase> <!-- tc005 -->
  <testcase name="tc006" time="0.0" classname="testng_Framework.Test_listners.MyTest">
    <ignored/>
  </testcase> <!-- tc006 -->
</testsuite> <!-- test1 -->
