<?xml version="1.0" encoding="UTF-8"?>
<!-- Generated by org.testng.reporters.JUnitXMLReporter -->
<testsuite hostname="AA-PC" ignored="0" name="test1" tests="7" failures="0" timestamp="2019-12-14T12:13:15 IST" time="33.914" errors="0">
  <testcase name="launchBrowser" time="3.528" classname="testng_Framework.CrossBrowser.CrossBrowser_Test"/>
  <testcase name="launchBrowser" time="6.706" classname="testng_Framework.CrossBrowser.CrossBrowser_Test"/>
  <testcase name="loadApp" time="11.214" classname="testng_Framework.CrossBrowser.CrossBrowser_Test"/>
  <testcase name="loadApp" time="10.22" classname="testng_Framework.CrossBrowser.CrossBrowser_Test"/>
  <testcase name="flight_search" time="13.757" classname="testng_Framework.CrossBrowser.CrossBrowser_Test"/>
  <testcase name="flight_search" time="15.6" classname="testng_Framework.CrossBrowser.CrossBrowser_Test"/>
  <testcase name="closeBrowser" time="5.365" classname="testng_Framework.CrossBrowser.CrossBrowser_Test"/>
</testsuite> <!-- test1 -->
